.\Debug\ProjetS4.bsc
.\Debug\ProjetS4.ilk
.\Debug\ProjetS4.pdb
C:\Users\Stephane\Documents\ecole\Session 4\Projet\VS2010\ProjetS4\.\Debug\ProjetS4.exe
C:\Users\Stephane\Documents\ecole\Session 4\Projet\VS2010\ProjetS4\.\Debug\ProjetS4.exe.intermediate.manifest
C:\Users\Stephane\Documents\ecole\Session 4\Projet\VS2010\ProjetS4\Debug\BscMake.command.1.tlog
C:\Users\Stephane\Documents\ecole\Session 4\Projet\VS2010\ProjetS4\Debug\bscmake.read.1.tlog
C:\Users\Stephane\Documents\ecole\Session 4\Projet\VS2010\ProjetS4\Debug\bscmake.write.1.tlog
C:\Users\Stephane\Documents\ecole\Session 4\Projet\VS2010\ProjetS4\Debug\cl.command.1.tlog
C:\Users\Stephane\Documents\ecole\Session 4\Projet\VS2010\ProjetS4\Debug\CL.read.1.tlog
C:\Users\Stephane\Documents\ecole\Session 4\Projet\VS2010\ProjetS4\Debug\CL.write.1.tlog
C:\USERS\STEPHANE\DOCUMENTS\ECOLE\SESSION 4\PROJET\VS2010\PROJETS4\DEBUG\GRUE.OBJ
C:\USERS\STEPHANE\DOCUMENTS\ECOLE\SESSION 4\PROJET\VS2010\PROJETS4\DEBUG\GRUE.SBR
C:\Users\Stephane\Documents\ecole\Session 4\Projet\VS2010\ProjetS4\Debug\link.4820.read.1.tlog
C:\Users\Stephane\Documents\ecole\Session 4\Projet\VS2010\ProjetS4\Debug\link.4820.write.1.tlog
C:\Users\Stephane\Documents\ecole\Session 4\Projet\VS2010\ProjetS4\Debug\link.4820-cvtres.read.1.tlog
C:\Users\Stephane\Documents\ecole\Session 4\Projet\VS2010\ProjetS4\Debug\link.4820-cvtres.write.1.tlog
C:\Users\Stephane\Documents\ecole\Session 4\Projet\VS2010\ProjetS4\Debug\link.5172.read.1.tlog
C:\Users\Stephane\Documents\ecole\Session 4\Projet\VS2010\ProjetS4\Debug\link.5172.write.1.tlog
C:\Users\Stephane\Documents\ecole\Session 4\Projet\VS2010\ProjetS4\Debug\link.5172-cvtres.read.1.tlog
C:\Users\Stephane\Documents\ecole\Session 4\Projet\VS2010\ProjetS4\Debug\link.5172-cvtres.write.1.tlog
C:\Users\Stephane\Documents\ecole\Session 4\Projet\VS2010\ProjetS4\Debug\link.7156.read.1.tlog
C:\Users\Stephane\Documents\ecole\Session 4\Projet\VS2010\ProjetS4\Debug\link.7156.write.1.tlog
C:\Users\Stephane\Documents\ecole\Session 4\Projet\VS2010\ProjetS4\Debug\link.7156-cvtres.read.1.tlog
C:\Users\Stephane\Documents\ecole\Session 4\Projet\VS2010\ProjetS4\Debug\link.7156-cvtres.write.1.tlog
C:\Users\Stephane\Documents\ecole\Session 4\Projet\VS2010\ProjetS4\Debug\link.command.1.tlog
C:\Users\Stephane\Documents\ecole\Session 4\Projet\VS2010\ProjetS4\Debug\link.read.1.tlog
C:\Users\Stephane\Documents\ecole\Session 4\Projet\VS2010\ProjetS4\Debug\link.write.1.tlog
C:\Users\Stephane\Documents\ecole\Session 4\Projet\VS2010\ProjetS4\Debug\link-cvtres.read.1.tlog
C:\Users\Stephane\Documents\ecole\Session 4\Projet\VS2010\ProjetS4\Debug\link-cvtres.write.1.tlog
C:\USERS\STEPHANE\DOCUMENTS\ECOLE\SESSION 4\PROJET\VS2010\PROJETS4\DEBUG\MOCKGRUE.OBJ
C:\USERS\STEPHANE\DOCUMENTS\ECOLE\SESSION 4\PROJET\VS2010\PROJETS4\DEBUG\MOCKGRUE.SBR
C:\Users\Stephane\Documents\ecole\Session 4\Projet\VS2010\ProjetS4\Debug\mt.command.1.tlog
C:\Users\Stephane\Documents\ecole\Session 4\Projet\VS2010\ProjetS4\Debug\mt.read.1.tlog
C:\Users\Stephane\Documents\ecole\Session 4\Projet\VS2010\ProjetS4\Debug\mt.write.1.tlog
C:\USERS\STEPHANE\DOCUMENTS\ECOLE\SESSION 4\PROJET\VS2010\PROJETS4\DEBUG\PROJETS4.BSC
C:\USERS\STEPHANE\DOCUMENTS\ECOLE\SESSION 4\PROJET\VS2010\PROJETS4\DEBUG\PROJETS4.EXE
C:\USERS\STEPHANE\DOCUMENTS\ECOLE\SESSION 4\PROJET\VS2010\PROJETS4\DEBUG\PROJETS4.EXE.EMBED.MANIFEST
C:\USERS\STEPHANE\DOCUMENTS\ECOLE\SESSION 4\PROJET\VS2010\PROJETS4\DEBUG\PROJETS4.EXE.EMBED.MANIFEST.RES
C:\USERS\STEPHANE\DOCUMENTS\ECOLE\SESSION 4\PROJET\VS2010\PROJETS4\DEBUG\PROJETS4.EXE.INTERMEDIATE.MANIFEST
C:\USERS\STEPHANE\DOCUMENTS\ECOLE\SESSION 4\PROJET\VS2010\PROJETS4\DEBUG\PROJETS4.ILK
C:\USERS\STEPHANE\DOCUMENTS\ECOLE\SESSION 4\PROJET\VS2010\PROJETS4\DEBUG\PROJETS4.OBJ
C:\USERS\STEPHANE\DOCUMENTS\ECOLE\SESSION 4\PROJET\VS2010\PROJETS4\DEBUG\PROJETS4.PCH
C:\USERS\STEPHANE\DOCUMENTS\ECOLE\SESSION 4\PROJET\VS2010\PROJETS4\DEBUG\PROJETS4.PDB
C:\USERS\STEPHANE\DOCUMENTS\ECOLE\SESSION 4\PROJET\VS2010\PROJETS4\DEBUG\PROJETS4.RES
C:\USERS\STEPHANE\DOCUMENTS\ECOLE\SESSION 4\PROJET\VS2010\PROJETS4\DEBUG\PROJETS4.SBR
C:\Users\Stephane\Documents\ecole\Session 4\Projet\VS2010\ProjetS4\Debug\ProjetS4.vcxprojResolveAssemblyReference.cache
C:\Users\Stephane\Documents\ecole\Session 4\Projet\VS2010\ProjetS4\Debug\ProjetS4.write.1.tlog
C:\Users\Stephane\Documents\ecole\Session 4\Projet\VS2010\ProjetS4\Debug\ProjetS4_manifest.rc
C:\USERS\STEPHANE\DOCUMENTS\ECOLE\SESSION 4\PROJET\VS2010\PROJETS4\DEBUG\PROJETS4DLG.OBJ
C:\USERS\STEPHANE\DOCUMENTS\ECOLE\SESSION 4\PROJET\VS2010\PROJETS4\DEBUG\PROJETS4DLG.SBR
C:\Users\Stephane\Documents\ecole\Session 4\Projet\VS2010\ProjetS4\Debug\rc.command.1.tlog
C:\Users\Stephane\Documents\ecole\Session 4\Projet\VS2010\ProjetS4\Debug\rc.read.1.tlog
C:\Users\Stephane\Documents\ecole\Session 4\Projet\VS2010\ProjetS4\Debug\rc.write.1.tlog
C:\USERS\STEPHANE\DOCUMENTS\ECOLE\SESSION 4\PROJET\VS2010\PROJETS4\DEBUG\STDAFX.OBJ
C:\USERS\STEPHANE\DOCUMENTS\ECOLE\SESSION 4\PROJET\VS2010\PROJETS4\DEBUG\STDAFX.SBR
C:\Users\Stephane\Documents\ecole\Session 4\Projet\VS2010\ProjetS4\Debug\vc100.idb
C:\USERS\STEPHANE\DOCUMENTS\ECOLE\SESSION 4\PROJET\VS2010\PROJETS4\DEBUG\VC100.PDB
